TN:
SF:src/logger.js
FN:1,(empty-report)
FNF:1
FNH:0
FNDA:0,(empty-report)
DA:1,0
DA:2,0
DA:3,0
DA:4,0
DA:5,0
DA:6,0
DA:7,0
DA:8,0
DA:9,0
LF:9
LH:0
BRDA:1,0,0,0
BRF:1
BRH:0
end_of_record
TN:
SF:src/main/config/app.js
FN:1,(empty-report)
FNF:1
FNH:0
FNDA:0,(empty-report)
DA:1,0
DA:2,0
DA:3,0
DA:4,0
DA:5,0
LF:5
LH:0
BRDA:1,0,0,0
BRF:1
BRH:0
end_of_record
TN:
SF:src/main/config/routes.js
FN:4,Routes
FN:8,notFound
FN:12,options
FN:17,post
FN:21,get
FN:28,handler
FNF:6
FNH:4
FNDA:1,Routes
FNDA:2,notFound
FNDA:1,options
FNDA:0,post
FNDA:0,get
FNDA:5,handler
DA:1,1
DA:2,1
DA:3,1
DA:4,1
DA:5,1
DA:6,1
DA:7,1
DA:8,1
DA:9,2
DA:10,2
DA:11,1
DA:12,1
DA:13,1
DA:14,1
DA:15,1
DA:16,1
DA:17,1
DA:18,0
DA:19,0
DA:20,1
DA:21,1
DA:22,0
DA:23,0
DA:24,0
DA:25,0
DA:26,0
DA:27,1
DA:28,1
DA:29,5
DA:30,5
DA:31,5
DA:32,5
DA:33,1
LF:33
LH:26
BRDA:1,0,0,1
BRDA:4,1,0,1
BRDA:8,2,0,2
BRDA:12,3,0,1
BRDA:28,4,0,5
BRDA:30,5,0,2
BRF:6
BRH:6
end_of_record
TN:
SF:src/presentation/services/listGameService.js
FN:5,getGameList
FNF:1
FNH:1
FNDA:2,getGameList
DA:1,2
DA:2,2
DA:3,2
DA:4,2
DA:5,2
DA:6,2
DA:7,2
DA:8,2
DA:9,2
DA:10,1
DA:11,1
DA:12,1
DA:13,1
DA:14,1
DA:15,1
DA:16,2
DA:17,2
LF:17
LH:17
BRDA:1,0,0,2
BRDA:5,1,0,2
BRDA:10,2,0,1
BRF:3
BRH:3
end_of_record
TN:
SF:src/presentation/shared/errors/serverError.js
FN:2,ServerError
FNF:1
FNH:1
FNDA:1,ServerError
DA:1,2
DA:2,2
DA:3,1
DA:4,1
DA:5,1
DA:6,1
DA:7,2
LF:7
LH:7
BRDA:1,0,0,2
BRDA:2,1,0,1
BRF:2
BRH:2
end_of_record
TN:
SF:src/presentation/shared/http-helpers/errors.js
FN:3,serverError
FNF:1
FNH:1
FNDA:1,serverError
DA:1,2
DA:2,2
DA:3,2
DA:4,1
DA:5,1
DA:6,1
DA:7,2
DA:8,2
LF:8
LH:8
BRDA:1,0,0,2
BRDA:3,1,0,1
BRF:2
BRH:2
end_of_record
