TN:
SF:src/logger.js
FN:1,(empty-report)
FNF:1
FNH:0
FNDA:0,(empty-report)
DA:1,0
DA:2,0
DA:3,0
DA:4,0
DA:5,0
DA:6,0
DA:7,0
DA:8,0
DA:9,0
LF:9
LH:0
BRDA:1,0,0,0
BRF:1
BRH:0
end_of_record
TN:
SF:src/domain/models/competitionPosition.js
FN:2,Positions
FNF:1
FNH:1
FNDA:8,Positions
DA:1,2
DA:2,2
DA:3,8
DA:4,8
DA:5,8
DA:6,8
DA:7,2
LF:7
LH:7
BRDA:1,0,0,2
BRDA:2,1,0,8
BRF:2
BRH:2
end_of_record
TN:
SF:src/main/config/app.js
FN:1,(empty-report)
FNF:1
FNH:0
FNDA:0,(empty-report)
DA:1,0
DA:2,0
DA:3,0
DA:4,0
DA:5,0
LF:5
LH:0
BRDA:1,0,0,0
BRF:1
BRH:0
end_of_record
TN:
SF:src/main/config/handlerBuffer.js
FN:1,handlerBuffer
FNF:1
FNH:0
FNDA:0,handlerBuffer
DA:1,1
DA:2,0
DA:3,0
DA:4,0
DA:5,0
DA:6,0
DA:7,0
DA:8,0
DA:9,0
DA:10,0
LF:10
LH:1
BRDA:1,0,0,1
BRF:1
BRH:1
end_of_record
TN:
SF:src/main/config/routes.js
FN:6,Routes
FN:11,notFound
FN:15,options
FN:20,post
FN:28,get
FN:35,handler
FNF:6
FNH:4
FNDA:1,Routes
FNDA:2,notFound
FNDA:1,options
FNDA:0,post
FNDA:0,get
FNDA:5,handler
DA:1,1
DA:2,1
DA:3,1
DA:4,1
DA:5,1
DA:6,1
DA:7,1
DA:8,1
DA:9,1
DA:10,1
DA:11,1
DA:12,2
DA:13,2
DA:14,1
DA:15,1
DA:16,1
DA:17,1
DA:18,1
DA:19,1
DA:20,1
DA:21,0
DA:22,0
DA:23,0
DA:24,0
DA:25,0
DA:26,0
DA:27,1
DA:28,1
DA:29,0
DA:30,0
DA:31,0
DA:32,0
DA:33,0
DA:34,1
DA:35,1
DA:36,5
DA:37,5
DA:38,5
DA:39,5
DA:40,5
DA:41,5
DA:42,5
DA:43,5
DA:44,5
DA:45,5
DA:46,1
LF:46
LH:35
BRDA:1,0,0,1
BRDA:6,1,0,1
BRDA:11,2,0,2
BRDA:15,3,0,1
BRDA:35,4,0,5
BRDA:43,5,0,2
BRF:6
BRH:6
end_of_record
TN:
SF:src/presentation/services/gameResultService.js
FN:6,generateResult
FN:42,#compareByAttribute
FN:47,#availableToCompareByReleaseYear
FN:51,#availableToCompareByNote
FN:55,handlerResultRounds
FNF:5
FNH:5
FNDA:2,generateResult
FNDA:5,#compareByAttribute
FNDA:5,#availableToCompareByReleaseYear
FNDA:4,#availableToCompareByNote
FNDA:5,handlerResultRounds
DA:1,2
DA:2,2
DA:3,2
DA:4,2
DA:5,2
DA:6,2
DA:7,2
DA:8,2
DA:9,2
DA:10,2
DA:11,2
DA:12,2
DA:13,1
DA:14,2
DA:15,3
DA:16,3
DA:17,3
DA:18,3
DA:19,5
DA:20,5
DA:21,5
DA:22,5
DA:23,5
DA:24,5
DA:25,4
DA:26,4
DA:27,4
DA:28,5
DA:29,3
DA:30,1
DA:31,1
DA:32,1
DA:33,1
DA:34,1
DA:35,1
DA:36,1
DA:37,2
DA:38,0
DA:39,0
DA:40,2
DA:41,2
DA:42,2
DA:43,5
DA:44,5
DA:45,2
DA:46,2
DA:47,2
DA:48,5
DA:49,5
DA:50,2
DA:51,2
DA:52,4
DA:53,4
DA:54,2
DA:55,2
DA:56,5
DA:57,5
DA:58,5
DA:59,1
DA:60,5
DA:61,3
DA:62,4
DA:63,1
DA:64,1
DA:65,5
DA:66,5
DA:67,5
DA:68,2
LF:68
LH:66
BRDA:1,0,0,2
BRDA:6,1,0,2
BRDA:12,2,0,1
BRDA:14,3,0,3
BRDA:18,4,0,5
BRDA:24,5,0,4
BRDA:30,6,0,1
BRDA:37,7,0,0
BRDA:34,8,0,8
BRDA:42,9,0,5
BRDA:43,10,0,5
BRDA:43,11,0,2
BRDA:43,12,0,3
BRDA:47,13,0,5
BRDA:48,14,0,2
BRDA:51,15,0,4
BRDA:55,16,0,5
BRDA:58,17,0,1
BRDA:60,18,0,4
BRDA:60,19,0,3
BRDA:62,20,0,1
BRF:21
BRH:20
end_of_record
TN:
SF:src/presentation/services/listGameService.js
FN:5,getGameList
FNF:1
FNH:1
FNDA:2,getGameList
DA:1,2
DA:2,2
DA:3,2
DA:4,2
DA:5,2
DA:6,2
DA:7,2
DA:8,2
DA:9,2
DA:10,1
DA:11,1
DA:12,1
DA:13,1
DA:14,1
DA:15,1
DA:16,2
DA:17,2
LF:17
LH:17
BRDA:1,0,0,2
BRDA:5,1,0,2
BRDA:10,2,0,1
BRF:3
BRH:3
end_of_record
TN:
SF:src/presentation/shared/errors/invalidParams.js
FN:2,InvalidParamError
FNF:1
FNH:1
FNDA:2,InvalidParamError
DA:1,2
DA:2,2
DA:3,2
DA:4,2
DA:5,2
DA:6,2
DA:7,2
LF:7
LH:7
BRDA:1,0,0,2
BRDA:2,1,0,2
BRF:2
BRH:2
end_of_record
TN:
SF:src/presentation/shared/errors/serverError.js
FN:2,ServerError
FNF:1
FNH:1
FNDA:1,ServerError
DA:1,3
DA:2,3
DA:3,1
DA:4,1
DA:5,1
DA:6,1
DA:7,3
LF:7
LH:7
BRDA:1,0,0,3
BRDA:2,1,0,1
BRF:2
BRH:2
end_of_record
TN:
SF:src/presentation/shared/http-helpers/errors.js
FN:3,serverError
FN:8,badResquest
FNF:2
FNH:2
FNDA:1,serverError
FNDA:2,badResquest
DA:1,3
DA:2,3
DA:3,3
DA:4,1
DA:5,1
DA:6,1
DA:7,3
DA:8,3
DA:9,2
DA:10,2
DA:11,3
DA:12,3
DA:13,3
LF:13
LH:13
BRDA:1,0,0,3
BRDA:3,1,0,1
BRDA:8,2,0,2
BRF:3
BRH:3
end_of_record
